[debug] [2022-06-10T17:21:52.099Z] ----------------------------------------------------------------------
[debug] [2022-06-10T17:21:52.101Z] Command:       C:\Program Files\nodejs\node.exe C:\Users\Admin\AppData\Roaming\npm\node_modules\firebase-tools\lib\bin\firebase.js deploy
[debug] [2022-06-10T17:21:52.102Z] CLI Version:   9.9.0
[debug] [2022-06-10T17:21:52.102Z] Platform:      win32
[debug] [2022-06-10T17:21:52.102Z] Node Version:  v14.16.1
[debug] [2022-06-10T17:21:52.103Z] Time:          Fri Jun 10 2022 22:51:52 GMT+0530 (India Standard Time)
[debug] [2022-06-10T17:21:52.103Z] ----------------------------------------------------------------------
[debug] 
[debug] [2022-06-10T17:21:52.110Z] > command requires scopes: ["email","openid","https://www.googleapis.com/auth/cloudplatformprojects.readonly","https://www.googleapis.com/auth/firebase","https://www.googleapis.com/auth/cloud-platform"]
[debug] [2022-06-10T17:21:52.110Z] > authorizing via signed-in user (gaganlal7171@gmail.com)
[debug] [2022-06-10T17:21:52.111Z] [iam] checking project cardgame-6a34b for permissions ["firebase.projects.get","firebasehosting.sites.update"]
[debug] [2022-06-10T17:21:52.113Z] > refreshing access token with scopes: ["email","https://www.googleapis.com/auth/cloud-platform","https://www.googleapis.com/auth/cloudplatformprojects.readonly","https://www.googleapis.com/auth/firebase","openid"]
[debug] [2022-06-10T17:21:52.113Z] >>> HTTP REQUEST POST https://www.googleapis.com/oauth2/v3/token  
 <request body omitted>
[debug] [2022-06-10T17:21:52.766Z] <<< HTTP RESPONSE 200 {"cache-control":"no-cache, no-store, max-age=0, must-revalidate","pragma":"no-cache","expires":"Mon, 01 Jan 1990 00:00:00 GMT","date":"Fri, 10 Jun 2022 17:21:12 GMT","content-type":"application/json; charset=utf-8","vary":"X-Origin, Referer, Origin,Accept-Encoding","server":"scaffolding on HTTPServer2","x-xss-protection":"0","x-frame-options":"SAMEORIGIN","x-content-type-options":"nosniff","alt-svc":"h3=\":443\"; ma=2592000,h3-29=\":443\"; ma=2592000,h3-Q050=\":443\"; ma=2592000,h3-Q046=\":443\"; ma=2592000,h3-Q043=\":443\"; ma=2592000,quic=\":443\"; ma=2592000; v=\"46,43\"","accept-ranges":"none","transfer-encoding":"chunked"}
[debug] [2022-06-10T17:21:52.777Z] >>> HTTP REQUEST POST https://cloudresourcemanager.googleapis.com/v1/projects/cardgame-6a34b:testIamPermissions  
 {"permissions":["firebase.projects.get","firebasehosting.sites.update"]}
[debug] [2022-06-10T17:21:54.288Z] <<< HTTP RESPONSE 200 {"content-type":"application/json; charset=UTF-8","vary":"X-Origin, Referer, Origin,Accept-Encoding","date":"Fri, 10 Jun 2022 17:21:13 GMT","server":"ESF","cache-control":"private","x-xss-protection":"0","x-frame-options":"SAMEORIGIN","x-content-type-options":"nosniff","server-timing":"gfet4t7; dur=1142","alt-svc":"h3=\":443\"; ma=2592000,h3-29=\":443\"; ma=2592000,h3-Q050=\":443\"; ma=2592000,h3-Q046=\":443\"; ma=2592000,h3-Q043=\":443\"; ma=2592000,quic=\":443\"; ma=2592000; v=\"46,43\"","accept-ranges":"none","transfer-encoding":"chunked"}
[debug] [2022-06-10T17:21:54.291Z] > refreshing access token with scopes: []
[debug] [2022-06-10T17:21:54.292Z] >>> HTTP REQUEST POST https://www.googleapis.com/oauth2/v3/token  
 <request body omitted>
[debug] [2022-06-10T17:21:54.919Z] <<< HTTP RESPONSE 200 {"expires":"Mon, 01 Jan 1990 00:00:00 GMT","cache-control":"no-cache, no-store, max-age=0, must-revalidate","date":"Fri, 10 Jun 2022 17:21:14 GMT","pragma":"no-cache","content-type":"application/json; charset=utf-8","vary":"X-Origin, Referer, Origin,Accept-Encoding","server":"scaffolding on HTTPServer2","x-xss-protection":"0","x-frame-options":"SAMEORIGIN","x-content-type-options":"nosniff","alt-svc":"h3=\":443\"; ma=2592000,h3-29=\":443\"; ma=2592000,h3-Q050=\":443\"; ma=2592000,h3-Q046=\":443\"; ma=2592000,h3-Q043=\":443\"; ma=2592000,quic=\":443\"; ma=2592000; v=\"46,43\"","accept-ranges":"none","transfer-encoding":"chunked"}
[debug] [2022-06-10T17:21:54.935Z] >>> [apiv2][query] GET https://firebase.googleapis.com/v1beta1/projects/cardgame-6a34b [none]
[debug] [2022-06-10T17:21:55.661Z] <<< [apiv2][status] GET https://firebase.googleapis.com/v1beta1/projects/cardgame-6a34b 200
[debug] [2022-06-10T17:21:55.662Z] <<< [apiv2][body] GET https://firebase.googleapis.com/v1beta1/projects/cardgame-6a34b {"projectId":"cardgame-6a34b","projectNumber":"747454655057","displayName":"CardGame","name":"projects/cardgame-6a34b","resources":{"hostingSite":"cardgame-6a34b","realtimeDatabaseInstance":"cardgame-6a34b-default-rtdb","storageBucket":"cardgame-6a34b.appspot.com","locationId":"us-central"},"state":"ACTIVE"}
[info] 
[info] === Deploying to 'cardgame-6a34b'...
[info] 
[info] i  deploying hosting 
[debug] [2022-06-10T17:21:55.666Z] > refreshing access token with scopes: ["email","https://www.googleapis.com/auth/cloud-platform","https://www.googleapis.com/auth/cloudplatformprojects.readonly","https://www.googleapis.com/auth/firebase","openid"]
[debug] [2022-06-10T17:21:55.666Z] >>> HTTP REQUEST POST https://www.googleapis.com/oauth2/v3/token  
 <request body omitted>
[debug] [2022-06-10T17:21:56.092Z] <<< HTTP RESPONSE 200 {"cache-control":"no-cache, no-store, max-age=0, must-revalidate","pragma":"no-cache","expires":"Mon, 01 Jan 1990 00:00:00 GMT","date":"Fri, 10 Jun 2022 17:21:15 GMT","content-type":"application/json; charset=utf-8","vary":"X-Origin, Referer, Origin,Accept-Encoding","server":"scaffolding on HTTPServer2","x-xss-protection":"0","x-frame-options":"SAMEORIGIN","x-content-type-options":"nosniff","alt-svc":"h3=\":443\"; ma=2592000,h3-29=\":443\"; ma=2592000,h3-Q050=\":443\"; ma=2592000,h3-Q046=\":443\"; ma=2592000,h3-Q043=\":443\"; ma=2592000,quic=\":443\"; ma=2592000; v=\"46,43\"","accept-ranges":"none","transfer-encoding":"chunked"}
[debug] [2022-06-10T17:21:56.101Z] >>> HTTP REQUEST POST https://firebasehosting.googleapis.com/v1beta1/sites/dashdash-divgames/versions  
 {"config":{},"labels":{"deployment-tool":"cli-firebase"}}
[debug] [2022-06-10T17:21:58.350Z] <<< HTTP RESPONSE 200 {"content-type":"application/json; charset=UTF-8","vary":"X-Origin, Referer, Origin,Accept-Encoding","date":"Fri, 10 Jun 2022 17:21:17 GMT","server":"ESF","cache-control":"private","x-xss-protection":"0","x-frame-options":"SAMEORIGIN","x-content-type-options":"nosniff","alt-svc":"h3=\":443\"; ma=2592000,h3-29=\":443\"; ma=2592000,h3-Q050=\":443\"; ma=2592000,h3-Q046=\":443\"; ma=2592000,h3-Q043=\":443\"; ma=2592000,quic=\":443\"; ma=2592000; v=\"46,43\"","accept-ranges":"none","transfer-encoding":"chunked"}
[info] i  hosting[dashdash-divgames]: beginning deploy... 
[info] i  hosting[dashdash-divgames]: found 15 files in . 
[debug] [2022-06-10T17:21:58.377Z] [hosting] hash cache [] not populated
[debug] [2022-06-10T17:21:58.648Z] > refreshing access token with scopes: []
[debug] [2022-06-10T17:21:58.648Z] >>> HTTP REQUEST POST https://www.googleapis.com/oauth2/v3/token  
 <request body omitted>
[debug] [2022-06-10T17:21:58.650Z] [hosting] hash cache [] stored for 15 files
[debug] [2022-06-10T17:21:58.650Z] [hosting][hash queue][FINAL] {"max":264,"min":15,"avg":39.46666666666667,"active":0,"complete":15,"success":15,"errored":0,"retried":0,"total":15,"elapsed":273}
[debug] [2022-06-10T17:22:00.114Z] <<< HTTP RESPONSE 200 {"pragma":"no-cache","expires":"Mon, 01 Jan 1990 00:00:00 GMT","cache-control":"no-cache, no-store, max-age=0, must-revalidate","date":"Fri, 10 Jun 2022 17:21:19 GMT","content-type":"application/json; charset=utf-8","vary":"X-Origin, Referer, Origin,Accept-Encoding","server":"scaffolding on HTTPServer2","x-xss-protection":"0","x-frame-options":"SAMEORIGIN","x-content-type-options":"nosniff","alt-svc":"h3=\":443\"; ma=2592000,h3-29=\":443\"; ma=2592000,h3-Q050=\":443\"; ma=2592000,h3-Q046=\":443\"; ma=2592000,h3-Q043=\":443\"; ma=2592000,quic=\":443\"; ma=2592000; v=\"46,43\"","accept-ranges":"none","transfer-encoding":"chunked"}
[debug] [2022-06-10T17:22:00.121Z] >>> [apiv2][query] POST https://firebasehosting.googleapis.com/v1beta1/sites/dashdash-divgames/versions/3f9f6212cfd01ecd:populateFiles [none]
[debug] [2022-06-10T17:22:00.121Z] >>> [apiv2][body] POST https://firebasehosting.googleapis.com/v1beta1/sites/dashdash-divgames/versions/3f9f6212cfd01ecd:populateFiles {"files":{"/404.html":"daa499dd96d8229e73235345702ba32f0793f0c8e5c0d30e40e37a5872be57aa","/index.js":"c507dad318e585afb0ebedf3eb698604bb5904573f9ec2d34416bdf9da72c321","/GameManager.js":"6102d07f76041cc3b8932d8ae5ced0b5da9cbd0425cee024d1cfd00bf3cab4aa","/Readme.md":"03200110999eb5d37e6b820ac353381caa329aeae41e4897773e0e5e3b81e832","/style.css":"dbde62cf908e86f20a5cf56d900d51647614d87c677ebc4f01d7a6f5cdbbebb9","/index.html":"11b0b3b9564700a037b01a584d7fc79636fa9ed8e40b655afdf8db8580111e59","/imgs/dash.png":"9f53466f010f8f81a472e23c2074cb63c429d8bc1557e033e2918189665c70c7","/imgs/play.png":"ea619b17829dee7c0c6d3af90254bbdf667ed7e280a0b35aab1dd2f873199412","/music/sucess.mp3":"1de435fadd885b98ca8762484ae14e3fe6dee603b2b627a03c2bf212c15d9927","/imgs/gameover.png":"ff6f98b37d137ba5e2a43cf8b320cdb51f9170174dfd43302e3fe7338e793f9b","/imgs/background.webp":"0403d749418dd008775e472b6f5b690bc7332fe45e76a1ed695ddec3f5c8669b","/imgs/dashdash.png":"44d7ec50ded0c61d9a3acd38ae11c81b892ef34c117b6d5f89f94c5d0d74e178","/imgs/playagain.png":"8a2dc249e483a659195eac6d5eaf4af02cd31077462462235041fa96f0b83ac2","/music/gameover.wav":"238ac4bd5a79859640ea863bd529129cc534c7744eab9101bcd969aba585d81d","/music/bg.mp3":"349633e9c3452f0f23fccf0a867e37d2980411ef09f589da5ab18ce0992a366e"}}
[debug] [2022-06-10T17:22:02.050Z] <<< [apiv2][status] POST https://firebasehosting.googleapis.com/v1beta1/sites/dashdash-divgames/versions/3f9f6212cfd01ecd:populateFiles 200
[debug] [2022-06-10T17:22:02.050Z] <<< [apiv2][body] POST https://firebasehosting.googleapis.com/v1beta1/sites/dashdash-divgames/versions/3f9f6212cfd01ecd:populateFiles {"uploadRequiredHashes":["03200110999eb5d37e6b820ac353381caa329aeae41e4897773e0e5e3b81e832","c507dad318e585afb0ebedf3eb698604bb5904573f9ec2d34416bdf9da72c321","0403d749418dd008775e472b6f5b690bc7332fe45e76a1ed695ddec3f5c8669b","8a2dc249e483a659195eac6d5eaf4af02cd31077462462235041fa96f0b83ac2","9f53466f010f8f81a472e23c2074cb63c429d8bc1557e033e2918189665c70c7","349633e9c3452f0f23fccf0a867e37d2980411ef09f589da5ab18ce0992a366e","ff6f98b37d137ba5e2a43cf8b320cdb51f9170174dfd43302e3fe7338e793f9b","6102d07f76041cc3b8932d8ae5ced0b5da9cbd0425cee024d1cfd00bf3cab4aa","ea619b17829dee7c0c6d3af90254bbdf667ed7e280a0b35aab1dd2f873199412","1de435fadd885b98ca8762484ae14e3fe6dee603b2b627a03c2bf212c15d9927","238ac4bd5a79859640ea863bd529129cc534c7744eab9101bcd969aba585d81d","44d7ec50ded0c61d9a3acd38ae11c81b892ef34c117b6d5f89f94c5d0d74e178","dbde62cf908e86f20a5cf56d900d51647614d87c677ebc4f01d7a6f5cdbbebb9","11b0b3b9564700a037b01a584d7fc79636fa9ed8e40b655afdf8db8580111e59","daa499dd96d8229e73235345702ba32f0793f0c8e5c0d30e40e37a5872be57aa"],"uploadUrl":"https://upload-firebasehosting.googleapis.com/upload/sites/dashdash-divgames/versions/3f9f6212cfd01ecd/files"}
[debug] [2022-06-10T17:22:02.053Z] >>> [apiv2][query] POST https://upload-firebasehosting.googleapis.com/upload/sites/dashdash-divgames/versions/3f9f6212cfd01ecd/files/03200110999eb5d37e6b820ac353381caa329aeae41e4897773e0e5e3b81e832 [none]
[debug] [2022-06-10T17:22:02.053Z] >>> [apiv2][body] POST https://upload-firebasehosting.googleapis.com/upload/sites/dashdash-divgames/versions/3f9f6212cfd01ecd/files/03200110999eb5d37e6b820ac353381caa329aeae41e4897773e0e5e3b81e832 [stream]
[debug] [2022-06-10T17:22:02.055Z] >>> [apiv2][query] POST https://upload-firebasehosting.googleapis.com/upload/sites/dashdash-divgames/versions/3f9f6212cfd01ecd/files/c507dad318e585afb0ebedf3eb698604bb5904573f9ec2d34416bdf9da72c321 [none]
[debug] [2022-06-10T17:22:02.055Z] >>> [apiv2][body] POST https://upload-firebasehosting.googleapis.com/upload/sites/dashdash-divgames/versions/3f9f6212cfd01ecd/files/c507dad318e585afb0ebedf3eb698604bb5904573f9ec2d34416bdf9da72c321 [stream]
[debug] [2022-06-10T17:22:02.056Z] >>> [apiv2][query] POST https://upload-firebasehosting.googleapis.com/upload/sites/dashdash-divgames/versions/3f9f6212cfd01ecd/files/0403d749418dd008775e472b6f5b690bc7332fe45e76a1ed695ddec3f5c8669b [none]
[debug] [2022-06-10T17:22:02.056Z] >>> [apiv2][body] POST https://upload-firebasehosting.googleapis.com/upload/sites/dashdash-divgames/versions/3f9f6212cfd01ecd/files/0403d749418dd008775e472b6f5b690bc7332fe45e76a1ed695ddec3f5c8669b [stream]
[debug] [2022-06-10T17:22:02.057Z] >>> [apiv2][query] POST https://upload-firebasehosting.googleapis.com/upload/sites/dashdash-divgames/versions/3f9f6212cfd01ecd/files/8a2dc249e483a659195eac6d5eaf4af02cd31077462462235041fa96f0b83ac2 [none]
[debug] [2022-06-10T17:22:02.058Z] >>> [apiv2][body] POST https://upload-firebasehosting.googleapis.com/upload/sites/dashdash-divgames/versions/3f9f6212cfd01ecd/files/8a2dc249e483a659195eac6d5eaf4af02cd31077462462235041fa96f0b83ac2 [stream]
[debug] [2022-06-10T17:22:02.058Z] >>> [apiv2][query] POST https://upload-firebasehosting.googleapis.com/upload/sites/dashdash-divgames/versions/3f9f6212cfd01ecd/files/9f53466f010f8f81a472e23c2074cb63c429d8bc1557e033e2918189665c70c7 [none]
[debug] [2022-06-10T17:22:02.059Z] >>> [apiv2][body] POST https://upload-firebasehosting.googleapis.com/upload/sites/dashdash-divgames/versions/3f9f6212cfd01ecd/files/9f53466f010f8f81a472e23c2074cb63c429d8bc1557e033e2918189665c70c7 [stream]
[debug] [2022-06-10T17:22:02.062Z] >>> [apiv2][query] POST https://upload-firebasehosting.googleapis.com/upload/sites/dashdash-divgames/versions/3f9f6212cfd01ecd/files/349633e9c3452f0f23fccf0a867e37d2980411ef09f589da5ab18ce0992a366e [none]
[debug] [2022-06-10T17:22:02.062Z] >>> [apiv2][body] POST https://upload-firebasehosting.googleapis.com/upload/sites/dashdash-divgames/versions/3f9f6212cfd01ecd/files/349633e9c3452f0f23fccf0a867e37d2980411ef09f589da5ab18ce0992a366e [stream]
[debug] [2022-06-10T17:22:02.064Z] >>> [apiv2][query] POST https://upload-firebasehosting.googleapis.com/upload/sites/dashdash-divgames/versions/3f9f6212cfd01ecd/files/ff6f98b37d137ba5e2a43cf8b320cdb51f9170174dfd43302e3fe7338e793f9b [none]
[debug] [2022-06-10T17:22:02.064Z] >>> [apiv2][body] POST https://upload-firebasehosting.googleapis.com/upload/sites/dashdash-divgames/versions/3f9f6212cfd01ecd/files/ff6f98b37d137ba5e2a43cf8b320cdb51f9170174dfd43302e3fe7338e793f9b [stream]
[debug] [2022-06-10T17:22:02.065Z] >>> [apiv2][query] POST https://upload-firebasehosting.googleapis.com/upload/sites/dashdash-divgames/versions/3f9f6212cfd01ecd/files/6102d07f76041cc3b8932d8ae5ced0b5da9cbd0425cee024d1cfd00bf3cab4aa [none]
[debug] [2022-06-10T17:22:02.065Z] >>> [apiv2][body] POST https://upload-firebasehosting.googleapis.com/upload/sites/dashdash-divgames/versions/3f9f6212cfd01ecd/files/6102d07f76041cc3b8932d8ae5ced0b5da9cbd0425cee024d1cfd00bf3cab4aa [stream]
[debug] [2022-06-10T17:22:02.068Z] >>> [apiv2][query] POST https://upload-firebasehosting.googleapis.com/upload/sites/dashdash-divgames/versions/3f9f6212cfd01ecd/files/ea619b17829dee7c0c6d3af90254bbdf667ed7e280a0b35aab1dd2f873199412 [none]
[debug] [2022-06-10T17:22:02.068Z] >>> [apiv2][body] POST https://upload-firebasehosting.googleapis.com/upload/sites/dashdash-divgames/versions/3f9f6212cfd01ecd/files/ea619b17829dee7c0c6d3af90254bbdf667ed7e280a0b35aab1dd2f873199412 [stream]
[debug] [2022-06-10T17:22:02.069Z] >>> [apiv2][query] POST https://upload-firebasehosting.googleapis.com/upload/sites/dashdash-divgames/versions/3f9f6212cfd01ecd/files/1de435fadd885b98ca8762484ae14e3fe6dee603b2b627a03c2bf212c15d9927 [none]
[debug] [2022-06-10T17:22:02.069Z] >>> [apiv2][body] POST https://upload-firebasehosting.googleapis.com/upload/sites/dashdash-divgames/versions/3f9f6212cfd01ecd/files/1de435fadd885b98ca8762484ae14e3fe6dee603b2b627a03c2bf212c15d9927 [stream]
[debug] [2022-06-10T17:22:02.070Z] >>> [apiv2][query] POST https://upload-firebasehosting.googleapis.com/upload/sites/dashdash-divgames/versions/3f9f6212cfd01ecd/files/238ac4bd5a79859640ea863bd529129cc534c7744eab9101bcd969aba585d81d [none]
[debug] [2022-06-10T17:22:02.070Z] >>> [apiv2][body] POST https://upload-firebasehosting.googleapis.com/upload/sites/dashdash-divgames/versions/3f9f6212cfd01ecd/files/238ac4bd5a79859640ea863bd529129cc534c7744eab9101bcd969aba585d81d [stream]
[debug] [2022-06-10T17:22:02.071Z] >>> [apiv2][query] POST https://upload-firebasehosting.googleapis.com/upload/sites/dashdash-divgames/versions/3f9f6212cfd01ecd/files/44d7ec50ded0c61d9a3acd38ae11c81b892ef34c117b6d5f89f94c5d0d74e178 [none]
[debug] [2022-06-10T17:22:02.071Z] >>> [apiv2][body] POST https://upload-firebasehosting.googleapis.com/upload/sites/dashdash-divgames/versions/3f9f6212cfd01ecd/files/44d7ec50ded0c61d9a3acd38ae11c81b892ef34c117b6d5f89f94c5d0d74e178 [stream]
[debug] [2022-06-10T17:22:02.073Z] >>> [apiv2][query] POST https://upload-firebasehosting.googleapis.com/upload/sites/dashdash-divgames/versions/3f9f6212cfd01ecd/files/dbde62cf908e86f20a5cf56d900d51647614d87c677ebc4f01d7a6f5cdbbebb9 [none]
[debug] [2022-06-10T17:22:02.074Z] >>> [apiv2][body] POST https://upload-firebasehosting.googleapis.com/upload/sites/dashdash-divgames/versions/3f9f6212cfd01ecd/files/dbde62cf908e86f20a5cf56d900d51647614d87c677ebc4f01d7a6f5cdbbebb9 [stream]
[debug] [2022-06-10T17:22:02.076Z] >>> [apiv2][query] POST https://upload-firebasehosting.googleapis.com/upload/sites/dashdash-divgames/versions/3f9f6212cfd01ecd/files/11b0b3b9564700a037b01a584d7fc79636fa9ed8e40b655afdf8db8580111e59 [none]
[debug] [2022-06-10T17:22:02.076Z] >>> [apiv2][body] POST https://upload-firebasehosting.googleapis.com/upload/sites/dashdash-divgames/versions/3f9f6212cfd01ecd/files/11b0b3b9564700a037b01a584d7fc79636fa9ed8e40b655afdf8db8580111e59 [stream]
[debug] [2022-06-10T17:22:02.077Z] >>> [apiv2][query] POST https://upload-firebasehosting.googleapis.com/upload/sites/dashdash-divgames/versions/3f9f6212cfd01ecd/files/daa499dd96d8229e73235345702ba32f0793f0c8e5c0d30e40e37a5872be57aa [none]
[debug] [2022-06-10T17:22:02.077Z] >>> [apiv2][body] POST https://upload-firebasehosting.googleapis.com/upload/sites/dashdash-divgames/versions/3f9f6212cfd01ecd/files/daa499dd96d8229e73235345702ba32f0793f0c8e5c0d30e40e37a5872be57aa [stream]
[debug] [2022-06-10T17:22:02.078Z] [hosting][populate queue][FINAL] {"max":3405,"min":3405,"avg":3405,"active":0,"complete":1,"success":1,"errored":0,"retried":0,"total":1,"elapsed":3430}
[debug] [2022-06-10T17:22:02.079Z] [hosting] uploads queued: 15
[debug] [2022-06-10T17:22:03.895Z] <<< [apiv2][status] POST https://upload-firebasehosting.googleapis.com/upload/sites/dashdash-divgames/versions/3f9f6212cfd01ecd/files/daa499dd96d8229e73235345702ba32f0793f0c8e5c0d30e40e37a5872be57aa 200
[debug] [2022-06-10T17:22:03.896Z] <<< [apiv2][body] POST https://upload-firebasehosting.googleapis.com/upload/sites/dashdash-divgames/versions/3f9f6212cfd01ecd/files/daa499dd96d8229e73235345702ba32f0793f0c8e5c0d30e40e37a5872be57aa [stream]
[debug] [2022-06-10T17:22:04.002Z] <<< [apiv2][status] POST https://upload-firebasehosting.googleapis.com/upload/sites/dashdash-divgames/versions/3f9f6212cfd01ecd/files/9f53466f010f8f81a472e23c2074cb63c429d8bc1557e033e2918189665c70c7 200
[debug] [2022-06-10T17:22:04.002Z] <<< [apiv2][body] POST https://upload-firebasehosting.googleapis.com/upload/sites/dashdash-divgames/versions/3f9f6212cfd01ecd/files/9f53466f010f8f81a472e23c2074cb63c429d8bc1557e033e2918189665c70c7 [stream]
[debug] [2022-06-10T17:22:04.471Z] <<< [apiv2][status] POST https://upload-firebasehosting.googleapis.com/upload/sites/dashdash-divgames/versions/3f9f6212cfd01ecd/files/11b0b3b9564700a037b01a584d7fc79636fa9ed8e40b655afdf8db8580111e59 200
[debug] [2022-06-10T17:22:04.471Z] <<< [apiv2][body] POST https://upload-firebasehosting.googleapis.com/upload/sites/dashdash-divgames/versions/3f9f6212cfd01ecd/files/11b0b3b9564700a037b01a584d7fc79636fa9ed8e40b655afdf8db8580111e59 [stream]
[debug] [2022-06-10T17:22:04.534Z] <<< [apiv2][status] POST https://upload-firebasehosting.googleapis.com/upload/sites/dashdash-divgames/versions/3f9f6212cfd01ecd/files/ea619b17829dee7c0c6d3af90254bbdf667ed7e280a0b35aab1dd2f873199412 200
[debug] [2022-06-10T17:22:04.535Z] <<< [apiv2][body] POST https://upload-firebasehosting.googleapis.com/upload/sites/dashdash-divgames/versions/3f9f6212cfd01ecd/files/ea619b17829dee7c0c6d3af90254bbdf667ed7e280a0b35aab1dd2f873199412 [stream]
[debug] [2022-06-10T17:22:04.956Z] <<< [apiv2][status] POST https://upload-firebasehosting.googleapis.com/upload/sites/dashdash-divgames/versions/3f9f6212cfd01ecd/files/1de435fadd885b98ca8762484ae14e3fe6dee603b2b627a03c2bf212c15d9927 200
[debug] [2022-06-10T17:22:04.956Z] <<< [apiv2][body] POST https://upload-firebasehosting.googleapis.com/upload/sites/dashdash-divgames/versions/3f9f6212cfd01ecd/files/1de435fadd885b98ca8762484ae14e3fe6dee603b2b627a03c2bf212c15d9927 [stream]
[debug] [2022-06-10T17:22:05.029Z] <<< [apiv2][status] POST https://upload-firebasehosting.googleapis.com/upload/sites/dashdash-divgames/versions/3f9f6212cfd01ecd/files/0403d749418dd008775e472b6f5b690bc7332fe45e76a1ed695ddec3f5c8669b 200
[debug] [2022-06-10T17:22:05.029Z] <<< [apiv2][body] POST https://upload-firebasehosting.googleapis.com/upload/sites/dashdash-divgames/versions/3f9f6212cfd01ecd/files/0403d749418dd008775e472b6f5b690bc7332fe45e76a1ed695ddec3f5c8669b [stream]
[debug] [2022-06-10T17:22:05.030Z] <<< [apiv2][status] POST https://upload-firebasehosting.googleapis.com/upload/sites/dashdash-divgames/versions/3f9f6212cfd01ecd/files/dbde62cf908e86f20a5cf56d900d51647614d87c677ebc4f01d7a6f5cdbbebb9 200
[debug] [2022-06-10T17:22:05.030Z] <<< [apiv2][body] POST https://upload-firebasehosting.googleapis.com/upload/sites/dashdash-divgames/versions/3f9f6212cfd01ecd/files/dbde62cf908e86f20a5cf56d900d51647614d87c677ebc4f01d7a6f5cdbbebb9 [stream]
[debug] [2022-06-10T17:22:05.052Z] <<< [apiv2][status] POST https://upload-firebasehosting.googleapis.com/upload/sites/dashdash-divgames/versions/3f9f6212cfd01ecd/files/ff6f98b37d137ba5e2a43cf8b320cdb51f9170174dfd43302e3fe7338e793f9b 200
[debug] [2022-06-10T17:22:05.052Z] <<< [apiv2][body] POST https://upload-firebasehosting.googleapis.com/upload/sites/dashdash-divgames/versions/3f9f6212cfd01ecd/files/ff6f98b37d137ba5e2a43cf8b320cdb51f9170174dfd43302e3fe7338e793f9b [stream]
[debug] [2022-06-10T17:22:05.053Z] <<< [apiv2][status] POST https://upload-firebasehosting.googleapis.com/upload/sites/dashdash-divgames/versions/3f9f6212cfd01ecd/files/44d7ec50ded0c61d9a3acd38ae11c81b892ef34c117b6d5f89f94c5d0d74e178 200
[debug] [2022-06-10T17:22:05.053Z] <<< [apiv2][body] POST https://upload-firebasehosting.googleapis.com/upload/sites/dashdash-divgames/versions/3f9f6212cfd01ecd/files/44d7ec50ded0c61d9a3acd38ae11c81b892ef34c117b6d5f89f94c5d0d74e178 [stream]
[debug] [2022-06-10T17:22:05.090Z] <<< [apiv2][status] POST https://upload-firebasehosting.googleapis.com/upload/sites/dashdash-divgames/versions/3f9f6212cfd01ecd/files/6102d07f76041cc3b8932d8ae5ced0b5da9cbd0425cee024d1cfd00bf3cab4aa 200
[debug] [2022-06-10T17:22:05.090Z] <<< [apiv2][body] POST https://upload-firebasehosting.googleapis.com/upload/sites/dashdash-divgames/versions/3f9f6212cfd01ecd/files/6102d07f76041cc3b8932d8ae5ced0b5da9cbd0425cee024d1cfd00bf3cab4aa [stream]
[debug] [2022-06-10T17:22:05.092Z] <<< [apiv2][status] POST https://upload-firebasehosting.googleapis.com/upload/sites/dashdash-divgames/versions/3f9f6212cfd01ecd/files/03200110999eb5d37e6b820ac353381caa329aeae41e4897773e0e5e3b81e832 200
[debug] [2022-06-10T17:22:05.092Z] <<< [apiv2][body] POST https://upload-firebasehosting.googleapis.com/upload/sites/dashdash-divgames/versions/3f9f6212cfd01ecd/files/03200110999eb5d37e6b820ac353381caa329aeae41e4897773e0e5e3b81e832 [stream]
[debug] [2022-06-10T17:22:05.093Z] <<< [apiv2][status] POST https://upload-firebasehosting.googleapis.com/upload/sites/dashdash-divgames/versions/3f9f6212cfd01ecd/files/349633e9c3452f0f23fccf0a867e37d2980411ef09f589da5ab18ce0992a366e 200
[debug] [2022-06-10T17:22:05.094Z] <<< [apiv2][body] POST https://upload-firebasehosting.googleapis.com/upload/sites/dashdash-divgames/versions/3f9f6212cfd01ecd/files/349633e9c3452f0f23fccf0a867e37d2980411ef09f589da5ab18ce0992a366e [stream]
[debug] [2022-06-10T17:22:05.095Z] <<< [apiv2][status] POST https://upload-firebasehosting.googleapis.com/upload/sites/dashdash-divgames/versions/3f9f6212cfd01ecd/files/c507dad318e585afb0ebedf3eb698604bb5904573f9ec2d34416bdf9da72c321 200
[debug] [2022-06-10T17:22:05.096Z] <<< [apiv2][body] POST https://upload-firebasehosting.googleapis.com/upload/sites/dashdash-divgames/versions/3f9f6212cfd01ecd/files/c507dad318e585afb0ebedf3eb698604bb5904573f9ec2d34416bdf9da72c321 [stream]
[debug] [2022-06-10T17:22:05.132Z] <<< [apiv2][status] POST https://upload-firebasehosting.googleapis.com/upload/sites/dashdash-divgames/versions/3f9f6212cfd01ecd/files/8a2dc249e483a659195eac6d5eaf4af02cd31077462462235041fa96f0b83ac2 200
[debug] [2022-06-10T17:22:05.133Z] <<< [apiv2][body] POST https://upload-firebasehosting.googleapis.com/upload/sites/dashdash-divgames/versions/3f9f6212cfd01ecd/files/8a2dc249e483a659195eac6d5eaf4af02cd31077462462235041fa96f0b83ac2 [stream]
[debug] [2022-06-10T17:22:05.253Z] <<< [apiv2][status] POST https://upload-firebasehosting.googleapis.com/upload/sites/dashdash-divgames/versions/3f9f6212cfd01ecd/files/238ac4bd5a79859640ea863bd529129cc534c7744eab9101bcd969aba585d81d 200
[debug] [2022-06-10T17:22:05.254Z] <<< [apiv2][body] POST https://upload-firebasehosting.googleapis.com/upload/sites/dashdash-divgames/versions/3f9f6212cfd01ecd/files/238ac4bd5a79859640ea863bd529129cc534c7744eab9101bcd969aba585d81d [stream]
[debug] [2022-06-10T17:22:05.255Z] [hosting][upload queue][FINAL] {"max":3201,"min":1843,"avg":2800.266666666667,"active":0,"complete":15,"success":15,"errored":0,"retried":0,"total":15,"elapsed":3204}
[info] +  hosting[dashdash-divgames]: file upload complete 
[debug] [2022-06-10T17:22:05.259Z] [hosting] deploy completed after 6907ms
[debug] [2022-06-10T17:22:06.298Z] [
  {
    "config": {
      "public": ".",
      "site": "dashdash-divgames",
      "ignore": [
        "firebase.json",
        "**/.*",
        "**/node_modules/**"
      ]
    },
    "site": "dashdash-divgames",
    "version": "sites/dashdash-divgames/versions/3f9f6212cfd01ecd"
  }
]
[info] i  hosting[dashdash-divgames]: finalizing version... 
[debug] [2022-06-10T17:22:06.300Z] > refreshing access token with scopes: ["email","https://www.googleapis.com/auth/cloud-platform","https://www.googleapis.com/auth/cloudplatformprojects.readonly","https://www.googleapis.com/auth/firebase","openid"]
[debug] [2022-06-10T17:22:06.300Z] >>> HTTP REQUEST POST https://www.googleapis.com/oauth2/v3/token  
 <request body omitted>
[debug] [2022-06-10T17:22:06.697Z] <<< HTTP RESPONSE 200 {"cache-control":"no-cache, no-store, max-age=0, must-revalidate","pragma":"no-cache","expires":"Mon, 01 Jan 1990 00:00:00 GMT","date":"Fri, 10 Jun 2022 17:21:26 GMT","content-type":"application/json; charset=utf-8","vary":"X-Origin, Referer, Origin,Accept-Encoding","server":"scaffolding on HTTPServer2","x-xss-protection":"0","x-frame-options":"SAMEORIGIN","x-content-type-options":"nosniff","alt-svc":"h3=\":443\"; ma=2592000,h3-29=\":443\"; ma=2592000,h3-Q050=\":443\"; ma=2592000,h3-Q046=\":443\"; ma=2592000,h3-Q043=\":443\"; ma=2592000,quic=\":443\"; ma=2592000; v=\"46,43\"","accept-ranges":"none","transfer-encoding":"chunked"}
[debug] [2022-06-10T17:22:06.712Z] >>> HTTP REQUEST PATCH https://firebasehosting.googleapis.com/v1beta1/sites/dashdash-divgames/versions/3f9f6212cfd01ecd?updateMask=status  
 {"status":"FINALIZED"}
[debug] [2022-06-10T17:22:08.026Z] <<< HTTP RESPONSE 200 {"content-type":"application/json; charset=UTF-8","vary":"X-Origin, Referer, Origin,Accept-Encoding","date":"Fri, 10 Jun 2022 17:21:26 GMT","server":"ESF","cache-control":"private","x-xss-protection":"0","x-frame-options":"SAMEORIGIN","x-content-type-options":"nosniff","alt-svc":"h3=\":443\"; ma=2592000,h3-29=\":443\"; ma=2592000,h3-Q050=\":443\"; ma=2592000,h3-Q046=\":443\"; ma=2592000,h3-Q043=\":443\"; ma=2592000,quic=\":443\"; ma=2592000; v=\"46,43\"","accept-ranges":"none","transfer-encoding":"chunked"}
[debug] [2022-06-10T17:22:08.026Z] [hosting] finalized version for dashdash-divgames: {"name":"sites/dashdash-divgames/versions/3f9f6212cfd01ecd","status":"FINALIZED","config":{},"labels":{"deployment-tool":"cli-firebase"},"createTime":"2022-06-10T17:21:17.467533Z","createUser":{"email":"gaganlal7171@gmail.com"},"finalizeTime":"2022-06-10T17:21:26.885688Z","finalizeUser":{"email":"gaganlal7171@gmail.com"}}
[info] +  hosting[dashdash-divgames]: version finalized 
[info] i  hosting[dashdash-divgames]: releasing new version... 
[debug] [2022-06-10T17:22:08.028Z] >>> HTTP REQUEST POST https://firebasehosting.googleapis.com/v1beta1/sites/dashdash-divgames/releases?version_name=sites/dashdash-divgames/versions/3f9f6212cfd01ecd  
 {"message":null}
[debug] [2022-06-10T17:22:10.129Z] <<< HTTP RESPONSE 200 {"content-type":"application/json; charset=UTF-8","vary":"X-Origin, Referer, Origin,Accept-Encoding","date":"Fri, 10 Jun 2022 17:21:29 GMT","server":"ESF","cache-control":"private","x-xss-protection":"0","x-frame-options":"SAMEORIGIN","x-content-type-options":"nosniff","alt-svc":"h3=\":443\"; ma=2592000,h3-29=\":443\"; ma=2592000,h3-Q050=\":443\"; ma=2592000,h3-Q046=\":443\"; ma=2592000,h3-Q043=\":443\"; ma=2592000,quic=\":443\"; ma=2592000; v=\"46,43\"","accept-ranges":"none","transfer-encoding":"chunked"}
[debug] [2022-06-10T17:22:10.129Z] [hosting] release: {"name":"sites/dashdash-divgames/releases/1654881688538051","version":{"name":"sites/dashdash-divgames/versions/3f9f6212cfd01ecd","status":"FINALIZED","config":{},"labels":{"deployment-tool":"cli-firebase"},"createTime":"2022-06-10T17:21:17.467533Z","createUser":{"email":"gaganlal7171@gmail.com","imageUrl":"https://lh3.googleusercontent.com/a-/AOh14Gh2WqXrze6Qd_vNXccd7w6AVd5W6C1RRuLsRCl0Gw"},"finalizeTime":"2022-06-10T17:21:26.885688Z","finalizeUser":{"email":"gaganlal7171@gmail.com","imageUrl":"https://lh3.googleusercontent.com/a-/AOh14Gh2WqXrze6Qd_vNXccd7w6AVd5W6C1RRuLsRCl0Gw"}},"type":"DEPLOY","releaseTime":"2022-06-10T17:21:28.538051338Z","releaseUser":{"email":"gaganlal7171@gmail.com","imageUrl":"https://lh3.googleusercontent.com/a-/AOh14Gh2WqXrze6Qd_vNXccd7w6AVd5W6C1RRuLsRCl0Gw"}}
[info] +  hosting[dashdash-divgames]: release complete 
[info] 
[info] +  Deploy complete! 
[info] 
[info] Project Console: https://console.firebase.google.com/project/cardgame-6a34b/overview
[info] Hosting URL: https://dashdash-divgames.web.app
